<!DOCTYPE HTML PUBLIC "-//W3C//DTD HTML 4.01 Transitional//EN"
"http://www.w3.org/TR/html4/transitional.dtd">
<html><head><title>RUNIT TEST PROTOCOL--Tue Dec  6 13:20:55 2011</title>
</head>
<body><h1 TRUE>RUNIT TEST PROTOCOL--Tue Dec  6 13:20:55 2011</h1>
<p>Number of test functions: 18</p>
<p>Number of errors: 0</p>
<p style=color:red>Number of failures: 2</p>
<hr>
<h3 TRUE>1 Test suite</h3>
<table border="1" width="60%" >
<tr><th width="30%">Name</th>
<th width="30%">Test functions</th>
<th width="20%">Errors</th>
<th width="20%">Failures</th>
</tr>
<tr><td><a href="#GenABEL unit testing">GenABEL unit testing</a></td>
<td>18</td>
<td>0</td>
<td bgcolor="red">2</td>
</tr>
</table>
<hr>
<h3 TRUE>Failures</h3>
<table border="1" width="100%" >
<tr><th width="30%">Test suite : test function</th>
<th width="70%">message</th>
</tr>
<tr><td><a href="#GenABEL unit testing__home_yurii_yuriiaulchenko_eclipse_workspace_genabel_pkg_GenABEL_tests_.._inst_unitTests_runit.exports.R_test.exports">GenABEL unit testing : test.exports</a></td>
<td>Error in checkIdentical(xBack[, sameCode], dta[, sameCode]) : FALSE 
</td>
</tr>
<tr><td><a href="#GenABEL unit testing__home_yurii_yuriiaulchenko_eclipse_workspace_genabel_pkg_GenABEL_tests_.._inst_unitTests_runit.polylik.R_test.polylik">GenABEL unit testing : test.polylik</a></td>
<td>Error in checkEquals(h2htNew$pgresidualY, h2htOld$pgresidualY) : 
  Mean relative difference: 1.756053e-08
</td>
</tr>
</table>
<hr>
<h3 TRUE>Details</h3>
<p><a name="GenABEL unit testing"><h5 TRUE>Test Suite: GenABEL unit testing</h5>
</a>Test function regexp: ^test.+<br/>Test file regexp: ^runit.+\.[rR]$<br/>Involved directory:<br/>/home/yurii/yuriiaulchenko/eclipse_workspace/genabel/pkg/GenABEL/tests/../inst/unitTests<br/><ul><li><a href="/home/yurii/yuriiaulchenko/eclipse_workspace/genabel/pkg/GenABEL/tests/../inst/unitTests/runit.convert.snp.ped.R">Test file: runit.convert.snp.ped.R</a><ul><li><a name="GenABEL unit testing__home_yurii_yuriiaulchenko_eclipse_workspace_genabel_pkg_GenABEL_tests_.._inst_unitTests_runit.convert.snp.ped.R_test.convert.snp.ped">test.convert.snp.ped: (0 checks) ... OK (0.12 seconds)<br/></a></li></ul></li><li><a href="/home/yurii/yuriiaulchenko/eclipse_workspace/genabel/pkg/GenABEL/tests/../inst/unitTests/runit.convert.snp.R">Test file: runit.convert.snp.R</a><ul><li><a name="GenABEL unit testing__home_yurii_yuriiaulchenko_eclipse_workspace_genabel_pkg_GenABEL_tests_.._inst_unitTests_runit.convert.snp.R_test.convert.snp">test.convert.snp: (4 checks) ... OK (1.49 seconds)<br/></a></li></ul></li><li><a href="/home/yurii/yuriiaulchenko/eclipse_workspace/genabel/pkg/GenABEL/tests/../inst/unitTests/runit.descriptives.trait.R">Test file: runit.descriptives.trait.R</a><ul><li><a name="GenABEL unit testing__home_yurii_yuriiaulchenko_eclipse_workspace_genabel_pkg_GenABEL_tests_.._inst_unitTests_runit.descriptives.trait.R_test.descriptives.trait">test.descriptives.trait: (1 checks) ... OK (0.43 seconds)<br/></a></li></ul></li><li><a href="/home/yurii/yuriiaulchenko/eclipse_workspace/genabel/pkg/GenABEL/tests/../inst/unitTests/runit.exports.R">Test file: runit.exports.R</a><ul><li><a name="GenABEL unit testing__home_yurii_yuriiaulchenko_eclipse_workspace_genabel_pkg_GenABEL_tests_.._inst_unitTests_runit.exports.R_test.exports"><u style=color:red>test.exports: FAILURE !! (check number 8)  </u></a>Error in checkIdentical(xBack[, sameCode], dta[, sameCode]) : FALSE 
<br/></li></ul></li><li><a href="/home/yurii/yuriiaulchenko/eclipse_workspace/genabel/pkg/GenABEL/tests/../inst/unitTests/runit.findRelatives.R">Test file: runit.findRelatives.R</a><ul><li><a name="GenABEL unit testing__home_yurii_yuriiaulchenko_eclipse_workspace_genabel_pkg_GenABEL_tests_.._inst_unitTests_runit.findRelatives.R_test.findRelatives">test.findRelatives: (10 checks) ... OK (45.05 seconds)<br/></a></li></ul></li><li><a href="/home/yurii/yuriiaulchenko/eclipse_workspace/genabel/pkg/GenABEL/tests/../inst/unitTests/runit.impute2xxx_large.R">Test file: runit.impute2xxx_large.R</a><ul><li><a name="GenABEL unit testing__home_yurii_yuriiaulchenko_eclipse_workspace_genabel_pkg_GenABEL_tests_.._inst_unitTests_runit.impute2xxx_large.R_test.impute2xxx_large">test.impute2xxx_large: (0 checks) ... OK (0.03 seconds)<br/></a></li></ul></li><li><a href="/home/yurii/yuriiaulchenko/eclipse_workspace/genabel/pkg/GenABEL/tests/../inst/unitTests/runit.impute2xxx.R">Test file: runit.impute2xxx.R</a><ul><li><a name="GenABEL unit testing__home_yurii_yuriiaulchenko_eclipse_workspace_genabel_pkg_GenABEL_tests_.._inst_unitTests_runit.impute2xxx.R_test.impute2databel">test.impute2databel: (23 checks) ... OK (1.15 seconds)<br/></a></li></ul></li><li><a href="/home/yurii/yuriiaulchenko/eclipse_workspace/genabel/pkg/GenABEL/tests/../inst/unitTests/runit.iterator.R">Test file: runit.iterator.R</a><ul><li><a name="GenABEL unit testing__home_yurii_yuriiaulchenko_eclipse_workspace_genabel_pkg_GenABEL_tests_.._inst_unitTests_runit.iterator.R_test.qtscore">test.qtscore: (0 checks) ... OK (0 seconds)<br/></a></li><li><a name="GenABEL unit testing__home_yurii_yuriiaulchenko_eclipse_workspace_genabel_pkg_GenABEL_tests_.._inst_unitTests_runit.iterator.R_test.summary_snp_data">test.summary_snp_data: (3 checks) ... OK (8.34 seconds)<br/></a></li></ul></li><li><a href="/home/yurii/yuriiaulchenko/eclipse_workspace/genabel/pkg/GenABEL/tests/../inst/unitTests/runit.mach2databel.R">Test file: runit.mach2databel.R</a><ul><li><a name="GenABEL unit testing__home_yurii_yuriiaulchenko_eclipse_workspace_genabel_pkg_GenABEL_tests_.._inst_unitTests_runit.mach2databel.R_test.mach2databel">test.mach2databel: (8 checks) ... OK (0.97 seconds)<br/></a></li></ul></li><li><a href="/home/yurii/yuriiaulchenko/eclipse_workspace/genabel/pkg/GenABEL/tests/../inst/unitTests/runit.merge.R">Test file: runit.merge.R</a><ul><li><a name="GenABEL unit testing__home_yurii_yuriiaulchenko_eclipse_workspace_genabel_pkg_GenABEL_tests_.._inst_unitTests_runit.merge.R_test.merge.bug1641">test.merge.bug1641: (0 checks) ... OK (0.17 seconds)<br/></a></li><li><a name="GenABEL unit testing__home_yurii_yuriiaulchenko_eclipse_workspace_genabel_pkg_GenABEL_tests_.._inst_unitTests_runit.merge.R_test.merge.bug1676">test.merge.bug1676: (2 checks) ... OK (0.2 seconds)<br/></a></li></ul></li><li><a href="/home/yurii/yuriiaulchenko/eclipse_workspace/genabel/pkg/GenABEL/tests/../inst/unitTests/runit.mmscore.R">Test file: runit.mmscore.R</a><ul><li><a name="GenABEL unit testing__home_yurii_yuriiaulchenko_eclipse_workspace_genabel_pkg_GenABEL_tests_.._inst_unitTests_runit.mmscore.R_test.exports">test.exports: (1 checks) ... OK (0.65 seconds)<br/></a></li></ul></li><li><a href="/home/yurii/yuriiaulchenko/eclipse_workspace/genabel/pkg/GenABEL/tests/../inst/unitTests/runit.polygenic.R">Test file: runit.polygenic.R</a><ul><li><a name="GenABEL unit testing__home_yurii_yuriiaulchenko_eclipse_workspace_genabel_pkg_GenABEL_tests_.._inst_unitTests_runit.polygenic.R_test.polygenic.Bug1322">test.polygenic.Bug1322: (2 checks) ... OK (1.05 seconds)<br/></a></li></ul></li><li><a href="/home/yurii/yuriiaulchenko/eclipse_workspace/genabel/pkg/GenABEL/tests/../inst/unitTests/runit.polylik.R">Test file: runit.polylik.R</a><ul><li><a name="GenABEL unit testing__home_yurii_yuriiaulchenko_eclipse_workspace_genabel_pkg_GenABEL_tests_.._inst_unitTests_runit.polylik.R_test.polylik"><u style=color:red>test.polylik: FAILURE !! (check number 4)  </u></a>Error in checkEquals(h2htNew$pgresidualY, h2htOld$pgresidualY) : 
  Mean relative difference: 1.756053e-08
<br/></li></ul></li></li><li><a href="/home/yurii/yuriiaulchenko/eclipse_workspace/genabel/pkg/GenABEL/tests/../inst/unitTests/runit.recodeChromosome.R">Test file: runit.recodeChromosome.R</a><ul><li><a name="GenABEL unit testing__home_yurii_yuriiaulchenko_eclipse_workspace_genabel_pkg_GenABEL_tests_.._inst_unitTests_runit.recodeChromosome.R_test.recodeChromosome">test.recodeChromosome: (8 checks) ... OK (0.19 seconds)<br/></a></li></ul></li><li><a href="/home/yurii/yuriiaulchenko/eclipse_workspace/genabel/pkg/GenABEL/tests/../inst/unitTests/runit.sortmap.internal.R">Test file: runit.sortmap.internal.R</a><ul><li><a name="GenABEL unit testing__home_yurii_yuriiaulchenko_eclipse_workspace_genabel_pkg_GenABEL_tests_.._inst_unitTests_runit.sortmap.internal.R_test.sortmap.internal.bug1673">test.sortmap.internal.bug1673: (1 checks) ... OK (0 seconds)<br/></a></li></ul></li><li><a href="/home/yurii/yuriiaulchenko/eclipse_workspace/genabel/pkg/GenABEL/tests/../inst/unitTests/runit.strandModify.R">Test file: runit.strandModify.R</a><ul><li><a name="GenABEL unit testing__home_yurii_yuriiaulchenko_eclipse_workspace_genabel_pkg_GenABEL_tests_.._inst_unitTests_runit.strandModify.R_test.strandModify">test.strandModify: (2 checks) ... OK (0.05 seconds)<br/></a></li></ul></li></ul><hr>
<table border="0" width="80%" >
<tr><th>Name</th>
<th>Value</th>
</tr>
<tr><td>platform</td>
<td>x86_64-unknown-linux-gnu</td>
</tr>
<tr><td>arch</td>
<td>x86_64</td>
</tr>
<tr><td>os</td>
<td>linux-gnu</td>
</tr>
<tr><td>system</td>
<td>x86_64, linux-gnu</td>
</tr>
<tr><td>status</td>
<td>Under development (unstable)</td>
</tr>
<tr><td>major</td>
<td>2</td>
</tr>
<tr><td>minor</td>
<td>15.0</td>
</tr>
<tr><td>year</td>
<td>2011</td>
</tr>
<tr><td>month</td>
<td>12</td>
</tr>
<tr><td>day</td>
<td>04</td>
</tr>
<tr><td>svn rev</td>
<td>57813</td>
</tr>
<tr><td>language</td>
<td>R</td>
</tr>
<tr><td>version.string</td>
<td>R Under development (unstable) (2011-12-04 r57813)</td>
</tr>
<tr><td>host</td>
<td>debian</td>
</tr>
<tr><td>compiler</td>
<td>g++</td>
</tr>
</table>
</body>
</html>
